<?xml version="1.0" encoding="UTF-8"?>
<!-- Generated by org.testng.reporters.JUnitReportReporter -->
<testsuite hostname="DESKTOP-S4TV131" failures="0" tests="2" name="includeExcludeUse.exclude" time="0.002" errors="0" timestamp="2022-06-24T22:06:11 IST" skipped="0">
  <testcase classname="includeExcludeUse.exclude" name="s" time="0.001"/>
  <system-out>
    <![CDATA[s are running ]]>
  </system-out>
  <testcase classname="includeExcludeUse.exclude" name="q" time="0.001"/>
  <system-out>
    <![CDATA[q are running ]]>
  </system-out>
</testsuite> <!-- includeExcludeUse.exclude -->
