<?xml version="1.0" encoding="UTF-8"?>
<!-- Generated by org.testng.reporters.JUnitReportReporter -->
<testsuite hostname="DESKTOP-S4TV131" failures="0" tests="2" name="includeExcludeUse.includeUse" time="0.015" errors="0" timestamp="2022-06-24T22:06:11 IST" skipped="0">
  <testcase classname="includeExcludeUse.includeUse" name="b" time="0.012"/>
  <system-out>
    <![CDATA[b is running]]>
  </system-out>
  <testcase classname="includeExcludeUse.includeUse" name="d" time="0.003"/>
  <system-out>
    <![CDATA[d is running]]>
  </system-out>
</testsuite> <!-- includeExcludeUse.includeUse -->
