<?xml version="1.0" encoding="UTF-8"?>
<!-- Generated by org.testng.reporters.JUnitReportReporter -->
<testsuite hostname="DESKTOP-S4TV131" failures="0" tests="4" name="testNGKeywordStudy.enabledUse" time="0.017" errors="0" timestamp="2022-06-24T15:50:15 IST" skipped="2">
  <testcase classname="testNGKeywordStudy.enabledUse" name="v" time="0.002"/>
  <system-out>
    <![CDATA[v is running]]>
  </system-out>
  <testcase classname="testNGKeywordStudy.enabledUse" name="a" time="0.015"/>
  <system-out>
    <![CDATA[a is running]]>
  </system-out>
  <testcase classname="testNGKeywordStudy.enabledUse" name="d">
    <skipped/>
  </testcase> <!-- d -->
  <system-out/>
  <testcase classname="testNGKeywordStudy.enabledUse" name="z">
    <skipped/>
  </testcase> <!-- z -->
  <system-out/>
</testsuite> <!-- testNGKeywordStudy.enabledUse -->
