<?xml version="1.0" encoding="UTF-8"?>
<!-- Generated by org.testng.reporters.JUnitReportReporter -->
<testsuite hostname="DESKTOP-S4TV131" failures="0" tests="6" name="testNGKeywordStudy.priorityuse" time="0.020" errors="0" timestamp="2022-06-24T15:45:23 IST" skipped="0">
  <testcase classname="testNGKeywordStudy.priorityuse" name="z" time="0.009"/>
  <system-out>
    <![CDATA[z is running]]>
  </system-out>
  <testcase classname="testNGKeywordStudy.priorityuse" name="x" time="0.002"/>
  <system-out>
    <![CDATA[x is running]]>
  </system-out>
  <testcase classname="testNGKeywordStudy.priorityuse" name="v" time="0.003"/>
  <system-out>
    <![CDATA[v is running]]>
  </system-out>
  <testcase classname="testNGKeywordStudy.priorityuse" name="d" time="0.003"/>
  <system-out>
    <![CDATA[d is running]]>
  </system-out>
  <testcase classname="testNGKeywordStudy.priorityuse" name="y" time="0.001"/>
  <system-out>
    <![CDATA[y is running]]>
  </system-out>
  <testcase classname="testNGKeywordStudy.priorityuse" name="a" time="0.002"/>
  <system-out>
    <![CDATA[a is running]]>
  </system-out>
</testsuite> <!-- testNGKeywordStudy.priorityuse -->
