<?xml version="1.0" encoding="UTF-8"?>
<!-- Generated by org.testng.reporters.JUnitReportReporter -->
<testsuite hostname="DESKTOP-S4TV131" failures="0" tests="2" name="TestNGstudy.myTestClass" time="0.014" errors="0" timestamp="2022-06-24T15:31:24 IST" skipped="0">
  <testcase classname="TestNGstudy.myTestClass" name="dashboard" time="0.010"/>
  <system-out>
    <![CDATA[dashboard]]>
  </system-out>
  <testcase classname="TestNGstudy.myTestClass" name="validateUserId" time="0.004"/>
  <system-out>
    <![CDATA[user id validate]]>
  </system-out>
</testsuite> <!-- TestNGstudy.myTestClass -->
