<?xml version="1.0" encoding="UTF-8"?>
<!-- Generated by org.testng.reporters.JUnitReportReporter -->
<testsuite hostname="DESKTOP-S4TV131" failures="0" tests="3" name="testNGKeywordStudy.InvocationCountUse" time="0.023" errors="0" timestamp="2022-06-24T15:36:26 IST" skipped="0">
  <testcase classname="testNGKeywordStudy.InvocationCountUse" name="myTest" time="0.004"/>
  <system-out>
    <![CDATA[Hello]]>
  </system-out>
  <testcase classname="testNGKeywordStudy.InvocationCountUse" name="myTest" time="0.016"/>
  <system-out>
    <![CDATA[Hello]]>
  </system-out>
  <testcase classname="testNGKeywordStudy.InvocationCountUse" name="myTest" time="0.003"/>
  <system-out>
    <![CDATA[Hello]]>
  </system-out>
</testsuite> <!-- testNGKeywordStudy.InvocationCountUse -->
