<?xml version="1.0" encoding="UTF-8"?>
<!-- Generated by org.testng.reporters.JUnitReportReporter -->
<testsuite hostname="DESKTOP-S4TV131" failures="0" tests="1" name="groupingStudy.NewTest1" time="0.012" errors="0" timestamp="2022-06-24T22:27:16 IST" skipped="0">
  <testcase classname="groupingStudy.NewTest1" name="d" time="0.012"/>
  <system-out>
    <![CDATA[d is running regression]]>
  </system-out>
</testsuite> <!-- groupingStudy.NewTest1 -->
