<?xml version="1.0" encoding="UTF-8"?>
<!-- Generated by org.testng.reporters.JUnitReportReporter -->
<testsuite hostname="DESKTOP-S4TV131" failures="0" tests="1" name="crossbrowsertesting.NewTest1" time="16.533" errors="0" timestamp="2022-06-30T08:52:37 IST" skipped="0">
  <testcase classname="crossbrowsertesting.NewTest1" name="myMethod" time="16.533"/>
  <system-out/>
</testsuite> <!-- crossbrowsertesting.NewTest1 -->
