<?xml version="1.0" encoding="UTF-8"?>
<!-- Generated by org.testng.reporters.JUnitReportReporter -->
<testsuite hostname="DESKTOP-S4TV131" failures="0" tests="1" name="TestNGstudy.NewTest" time="38.546" errors="0" timestamp="2022-06-21T19:52:51 IST" skipped="0">
  <testcase classname="TestNGstudy.NewTest" name="f" time="38.546"/>
  <system-out/>
</testsuite> <!-- TestNGstudy.NewTest -->
