<?xml version="1.0" encoding="UTF-8"?>
<!-- Generated by org.testng.reporters.JUnitReportReporter -->
<testsuite hostname="DESKTOP-S4TV131" failures="0" tests="1" name="TestNGstudy.AnnotationStudy" time="0.006" errors="0" timestamp="2022-06-23T12:19:04 IST" skipped="0">
  <testcase classname="TestNGstudy.AnnotationStudy" name="validateUserId" time="0.006"/>
  <system-out>
    <![CDATA[UserID validate]]>
  </system-out>
</testsuite> <!-- TestNGstudy.AnnotationStudy -->
