<?xml version="1.0" encoding="UTF-8"?>
<!-- Generated by org.testng.reporters.JUnitReportReporter -->
<testsuite hostname="DESKTOP-S4TV131" failures="0" tests="3" name="groupingStudy.NewTest2" time="0.006" errors="0" timestamp="2022-06-24T22:27:16 IST" skipped="0">
  <testcase classname="groupingStudy.NewTest2" name="y" time="0.002"/>
  <system-out>
    <![CDATA[z is running regression ]]>
  </system-out>
  <testcase classname="groupingStudy.NewTest2" name="v" time="0.001"/>
  <system-out>
    <![CDATA[v is running regression ]]>
  </system-out>
  <testcase classname="groupingStudy.NewTest2" name="w" time="0.003"/>
  <system-out>
    <![CDATA[w is running regression ]]>
  </system-out>
</testsuite> <!-- groupingStudy.NewTest2 -->
